2018-11-30 14:01:03 Error: [PDOException] SQLSTATE[HY000] [1045] Access denied for user 'my_app'@'localhost' (using password: YES) in D:\xampp\htdocs\ProjectITT544\vendor\cakephp\cakephp\src\Database\Driver.php on line 92
Stack Trace:
#0 D:\xampp\htdocs\ProjectITT544\vendor\cakephp\cakephp\src\Database\Driver.php(92): PDO->__construct('mysql:host=loca...', 'my_app', 'secret', Array)
#1 D:\xampp\htdocs\ProjectITT544\vendor\cakephp\cakephp\src\Database\Driver\Mysql.php(106): Cake\Database\Driver->_connect('mysql:host=loca...', Array)
#2 D:\xampp\htdocs\ProjectITT544\vendor\cakephp\cakephp\src\Database\Schema\BaseSchema.php(45): Cake\Database\Driver\Mysql->connect()
#3 D:\xampp\htdocs\ProjectITT544\vendor\cakephp\cakephp\src\Database\Dialect\MysqlDialectTrait.php(63): Cake\Database\Schema\BaseSchema->__construct(Object(Cake\Database\Driver\Mysql))
#4 D:\xampp\htdocs\ProjectITT544\vendor\cakephp\cakephp\src\Database\Schema\Collection.php(52): Cake\Database\Driver\Mysql->schemaDialect()
#5 D:\xampp\htdocs\ProjectITT544\vendor\cakephp\cakephp\src\Database\Schema\CachedCollection.php(42): Cake\Database\Schema\Collection->__construct(Object(Cake\Database\Connection))
#6 D:\xampp\htdocs\ProjectITT544\vendor\cakephp\cakephp\src\Database\Connection.php(391): Cake\Database\Schema\CachedCollection->__construct(Object(Cake\Database\Connection), true)
#7 D:\xampp\htdocs\ProjectITT544\vendor\cakephp\bake\src\Shell\Task\ModelTask.php(1049): Cake\Database\Connection->getSchemaCollection()
#8 D:\xampp\htdocs\ProjectITT544\vendor\cakephp\bake\src\Shell\Task\ModelTask.php(1003): Bake\Shell\Task\ModelTask->_getAllTables()
#9 D:\xampp\htdocs\ProjectITT544\vendor\cakephp\bake\src\Shell\Task\ModelTask.php(1018): Bake\Shell\Task\ModelTask->listAll()
#10 D:\xampp\htdocs\ProjectITT544\vendor\cakephp\bake\src\Shell\Task\ModelTask.php(94): Bake\Shell\Task\ModelTask->listUnskipped()
#11 D:\xampp\htdocs\ProjectITT544\vendor\cakephp\cakephp\src\Console\Shell.php(532): Bake\Shell\Task\ModelTask->main()
#12 D:\xampp\htdocs\ProjectITT544\vendor\cakephp\cakephp\src\Console\Shell.php(525): Cake\Console\Shell->runCommand(Array, false, Array)
#13 D:\xampp\htdocs\ProjectITT544\vendor\cakephp\cakephp\src\Console\CommandRunner.php(342): Cake\Console\Shell->runCommand(Array, true)
#14 D:\xampp\htdocs\ProjectITT544\vendor\cakephp\cakephp\src\Console\CommandRunner.php(164): Cake\Console\CommandRunner->runShell(Object(Bake\Shell\BakeShell), Array)
#15 D:\xampp\htdocs\ProjectITT544\bin\cake.php(12): Cake\Console\CommandRunner->run(Array)
#16 {main}


2018-11-30 14:14:43 Error: [PDOException] SQLSTATE[HY000] [1045] Access denied for user 'my_app'@'localhost' (using password: YES) in D:\xampp\htdocs\ProjectITT544\vendor\cakephp\cakephp\src\Database\Driver.php on line 92
Stack Trace:
#0 D:\xampp\htdocs\ProjectITT544\vendor\cakephp\cakephp\src\Database\Driver.php(92): PDO->__construct('mysql:host=loca...', 'my_app', 'secret', Array)
#1 D:\xampp\htdocs\ProjectITT544\vendor\cakephp\cakephp\src\Database\Driver\Mysql.php(106): Cake\Database\Driver->_connect('mysql:host=loca...', Array)
#2 D:\xampp\htdocs\ProjectITT544\vendor\cakephp\cakephp\src\Database\Schema\BaseSchema.php(45): Cake\Database\Driver\Mysql->connect()
#3 D:\xampp\htdocs\ProjectITT544\vendor\cakephp\cakephp\src\Database\Dialect\MysqlDialectTrait.php(63): Cake\Database\Schema\BaseSchema->__construct(Object(Cake\Database\Driver\Mysql))
#4 D:\xampp\htdocs\ProjectITT544\vendor\cakephp\cakephp\src\Database\Schema\Collection.php(52): Cake\Database\Driver\Mysql->schemaDialect()
#5 D:\xampp\htdocs\ProjectITT544\vendor\cakephp\cakephp\src\Database\Schema\CachedCollection.php(42): Cake\Database\Schema\Collection->__construct(Object(Cake\Database\Connection))
#6 D:\xampp\htdocs\ProjectITT544\vendor\cakephp\cakephp\src\Database\Connection.php(391): Cake\Database\Schema\CachedCollection->__construct(Object(Cake\Database\Connection), true)
#7 D:\xampp\htdocs\ProjectITT544\vendor\cakephp\bake\src\Shell\Task\ModelTask.php(1049): Cake\Database\Connection->getSchemaCollection()
#8 D:\xampp\htdocs\ProjectITT544\vendor\cakephp\bake\src\Shell\Task\ModelTask.php(1003): Bake\Shell\Task\ModelTask->_getAllTables()
#9 D:\xampp\htdocs\ProjectITT544\vendor\cakephp\bake\src\Shell\Task\ModelTask.php(1018): Bake\Shell\Task\ModelTask->listAll()
#10 D:\xampp\htdocs\ProjectITT544\vendor\cakephp\bake\src\Shell\Task\ModelTask.php(94): Bake\Shell\Task\ModelTask->listUnskipped()
#11 D:\xampp\htdocs\ProjectITT544\vendor\cakephp\cakephp\src\Console\Shell.php(532): Bake\Shell\Task\ModelTask->main()
#12 D:\xampp\htdocs\ProjectITT544\vendor\cakephp\cakephp\src\Console\Shell.php(525): Cake\Console\Shell->runCommand(Array, false, Array)
#13 D:\xampp\htdocs\ProjectITT544\vendor\cakephp\cakephp\src\Console\CommandRunner.php(342): Cake\Console\Shell->runCommand(Array, true)
#14 D:\xampp\htdocs\ProjectITT544\vendor\cakephp\cakephp\src\Console\CommandRunner.php(164): Cake\Console\CommandRunner->runShell(Object(Bake\Shell\BakeShell), Array)
#15 D:\xampp\htdocs\ProjectITT544\bin\cake.php(12): Cake\Console\CommandRunner->run(Array)
#16 {main}


